INFO  07:32:49 Application started. Press Ctrl+C to shut down.
INFO  07:32:49 Application started. Press Ctrl+C to shut down.
INFO  07:32:49 Hosting environment: Development
INFO  07:32:49 Hosting environment: Development
INFO  07:32:49 Content root path: F:\Retail-Product-Management-main\Retail-Product-Management-main\E-Commerce-Portal\E-Commerce-Portal
INFO  07:32:49 Content root path: F:\Retail-Product-Management-main\Retail-Product-Management-main\E-Commerce-Portal\E-Commerce-Portal
INFO  03:27:25 Application started. Press Ctrl+C to shut down.
INFO  03:27:25 Application started. Press Ctrl+C to shut down.
INFO  03:27:25 Hosting environment: Development
INFO  03:27:25 Hosting environment: Development
INFO  03:27:25 Content root path: F:\Retail-Product-Management-main\Retail-Product-Management-main\E-Commerce-Portal\E-Commerce-Portal
INFO  03:27:25 Content root path: F:\Retail-Product-Management-main\Retail-Product-Management-main\E-Commerce-Portal\E-Commerce-Portal
INFO  03:27:31 Logger in ECommerce
INFO  03:27:31 User is not logged in
INFO  03:27:31 User is logging in
INFO  03:27:34 User is registering in
INFO  03:27:36 User is logging in
INFO  03:27:54 User is logging in
INFO  03:27:56 User is registering in
INFO  10:18:43 Application started. Press Ctrl+C to shut down.
INFO  10:18:43 Application started. Press Ctrl+C to shut down.
INFO  10:18:43 Hosting environment: Development
INFO  10:18:43 Hosting environment: Development
INFO  10:18:43 Content root path: F:\Retail-Product-Management-main\Retail-Product-Management-main\E-Commerce-Portal\E-Commerce-Portal
INFO  10:18:43 Content root path: F:\Retail-Product-Management-main\Retail-Product-Management-main\E-Commerce-Portal\E-Commerce-Portal
INFO  10:18:56 User is logging in
INFO  10:19:01 User is registering in
INFO  10:22:09 Application started. Press Ctrl+C to shut down.
INFO  10:22:09 Application started. Press Ctrl+C to shut down.
INFO  10:22:09 Hosting environment: Development
INFO  10:22:09 Hosting environment: Development
INFO  10:22:09 Content root path: F:\Retail-Product-Management-main\Retail-Product-Management-main\E-Commerce-Portal\E-Commerce-Portal
INFO  10:22:09 Content root path: F:\Retail-Product-Management-main\Retail-Product-Management-main\E-Commerce-Portal\E-Commerce-Portal
INFO  10:22:14 Logger in ECommerce
INFO  10:22:14 User is not logged in
INFO  10:22:14 User is logging in
INFO  10:22:17 User is registering in
INFO  10:22:18 User is logging in
INFO  10:22:19 User is registering in
INFO  10:22:20 User is logging in
INFO  10:23:43 Application started. Press Ctrl+C to shut down.
INFO  10:23:43 Application started. Press Ctrl+C to shut down.
INFO  10:23:43 Hosting environment: Development
INFO  10:23:43 Hosting environment: Development
INFO  10:23:43 Content root path: F:\Retail-Product-Management-main\Retail-Product-Management-main\E-Commerce-Portal\E-Commerce-Portal
INFO  10:23:43 Content root path: F:\Retail-Product-Management-main\Retail-Product-Management-main\E-Commerce-Portal\E-Commerce-Portal
INFO  10:23:45 Logger in ECommerce
INFO  10:23:45 User is not logged in
INFO  10:23:45 User is logging in
INFO  10:23:49 User is registering in
INFO  10:23:51 User is logging in
INFO  10:38:44 Application started. Press Ctrl+C to shut down.
INFO  10:38:44 Application started. Press Ctrl+C to shut down.
INFO  10:38:44 Hosting environment: Development
INFO  10:38:44 Hosting environment: Development
INFO  10:38:44 Content root path: F:\Retail-Product-Management-main\Retail-Product-Management-main\E-Commerce-Portal\E-Commerce-Portal
INFO  10:38:44 Content root path: F:\Retail-Product-Management-main\Retail-Product-Management-main\E-Commerce-Portal\E-Commerce-Portal
INFO  10:38:52 User is logging in
INFO  10:38:55 User is registering in
INFO  10:38:58 User is logging in
INFO  10:39:01 Logger in ECommerce
INFO  10:39:01 User is not logged in
INFO  10:39:01 User is logging in
INFO  10:39:03 User is logging in
INFO  10:39:03 User is registering in
INFO  10:39:15 User is logging in
INFO  11:16:44 Application started. Press Ctrl+C to shut down.
INFO  11:16:44 Application started. Press Ctrl+C to shut down.
INFO  11:16:44 Hosting environment: Development
INFO  11:16:44 Hosting environment: Development
INFO  11:16:44 Content root path: C:\Users\Divyansh\Downloads\E-Commerce-Portal\E-Commerce-Portal\E-Commerce-Portal
INFO  11:16:44 Content root path: C:\Users\Divyansh\Downloads\E-Commerce-Portal\E-Commerce-Portal\E-Commerce-Portal
INFO  11:27:59 Application started. Press Ctrl+C to shut down.
INFO  11:27:59 Application started. Press Ctrl+C to shut down.
INFO  11:27:59 Hosting environment: Development
INFO  11:27:59 Hosting environment: Development
INFO  11:27:59 Content root path: C:\Users\Divyansh\Downloads\E-Commerce-Portal\E-Commerce-Portal\E-Commerce-Portal
INFO  11:27:59 Content root path: C:\Users\Divyansh\Downloads\E-Commerce-Portal\E-Commerce-Portal\E-Commerce-Portal
INFO  11:33:26 Application started. Press Ctrl+C to shut down.
INFO  11:33:26 Application started. Press Ctrl+C to shut down.
INFO  11:33:26 Hosting environment: Development
INFO  11:33:26 Hosting environment: Development
INFO  11:33:26 Content root path: C:\Users\Divyansh\Downloads\E-Commerce-Portal\E-Commerce-Portal\E-Commerce-Portal
INFO  11:33:26 Content root path: C:\Users\Divyansh\Downloads\E-Commerce-Portal\E-Commerce-Portal\E-Commerce-Portal
INFO  11:35:05 Application started. Press Ctrl+C to shut down.
INFO  11:35:05 Application started. Press Ctrl+C to shut down.
INFO  11:35:05 Hosting environment: Development
INFO  11:35:05 Hosting environment: Development
INFO  11:35:05 Content root path: C:\Users\Divyansh\Downloads\E-Commerce-Portal\E-Commerce-Portal\E-Commerce-Portal
INFO  11:35:05 Content root path: C:\Users\Divyansh\Downloads\E-Commerce-Portal\E-Commerce-Portal\E-Commerce-Portal
INFO  11:35:36 User is logging in
INFO  11:38:28 Application started. Press Ctrl+C to shut down.
INFO  11:38:28 Application started. Press Ctrl+C to shut down.
INFO  11:38:28 Hosting environment: Development
INFO  11:38:28 Hosting environment: Development
INFO  11:38:28 Content root path: C:\Users\Divyansh\Downloads\E-Commerce-Portal\E-Commerce-Portal\E-Commerce-Portal
INFO  11:38:28 Content root path: C:\Users\Divyansh\Downloads\E-Commerce-Portal\E-Commerce-Portal\E-Commerce-Portal
INFO  11:38:52 Application started. Press Ctrl+C to shut down.
INFO  11:38:52 Application started. Press Ctrl+C to shut down.
INFO  11:38:52 Hosting environment: Development
INFO  11:38:52 Hosting environment: Development
INFO  11:38:52 Content root path: C:\Users\Divyansh\Downloads\E-Commerce-Portal\E-Commerce-Portal\E-Commerce-Portal
INFO  11:38:52 Content root path: C:\Users\Divyansh\Downloads\E-Commerce-Portal\E-Commerce-Portal\E-Commerce-Portal
INFO  11:38:56 User is logging in
INFO  11:38:58 User is registering in
INFO  11:38:59 User is logging in
INFO  11:41:03 Application started. Press Ctrl+C to shut down.
INFO  11:41:03 Application started. Press Ctrl+C to shut down.
INFO  11:41:03 Hosting environment: Development
INFO  11:41:03 Hosting environment: Development
INFO  11:41:03 Content root path: C:\Users\Divyansh\Downloads\E-Commerce-Portal\E-Commerce-Portal\E-Commerce-Portal
INFO  11:41:03 Content root path: C:\Users\Divyansh\Downloads\E-Commerce-Portal\E-Commerce-Portal\E-Commerce-Portal
INFO  11:41:08 User is logging in
INFO  11:41:22 User is logging in
INFO  11:41:23 User is registering in
INFO  11:45:34 Application started. Press Ctrl+C to shut down.
INFO  11:45:34 Application started. Press Ctrl+C to shut down.
INFO  11:45:34 Hosting environment: Development
INFO  11:45:34 Hosting environment: Development
INFO  11:45:34 Content root path: D:\Retail-Product-Management-main\E-Commerce-Portal\E-Commerce-Portal
INFO  11:45:34 Content root path: D:\Retail-Product-Management-main\E-Commerce-Portal\E-Commerce-Portal
INFO  11:45:44 User is logging in
INFO  11:45:58 User is logging in
INFO  11:46:01 Login Successful and token generated
INFO  11:46:01 Logger in ECommerce
INFO  11:46:01 User is seeing products
INFO  11:46:01 fetching products from product microservice
INFO  11:46:08 Logger in Cart
INFO  11:46:10 StatusCode: 200, ReasonPhrase: 'OK', Version: 1.1, Content: System.Net.Http.HttpConnectionResponseContent, Headers:
{
  Transfer-Encoding: chunked
  Server: Microsoft-IIS/10.0
  X-Powered-By: ASP.NET
  Date: Tue, 28 Jun 2022 18:16:10 GMT
  Content-Type: application/json; charset=utf-8
}
INFO  11:46:10 User is viewing cart
INFO  11:46:12 Logger in WishList
INFO  11:46:12 User is seeing WishLists
INFO  11:46:12 fetching products from product microservice
INFO  11:46:15 fetching products from product microservice
INFO  11:46:15 fetching products from product microservice
INFO  11:46:15 fetching products from product microservice
INFO  11:47:31 Application started. Press Ctrl+C to shut down.
INFO  11:47:31 Application started. Press Ctrl+C to shut down.
INFO  11:47:31 Hosting environment: Development
INFO  11:47:31 Hosting environment: Development
INFO  11:47:31 Content root path: D:\Retail-Product-Management-main\E-Commerce-Portal\E-Commerce-Portal
INFO  11:47:31 Content root path: D:\Retail-Product-Management-main\E-Commerce-Portal\E-Commerce-Portal
INFO  11:47:35 User is logging in
INFO  11:47:42 User is logging in
INFO  11:47:42 Login Successful and token generated
INFO  11:47:43 Logger in ECommerce
INFO  11:47:43 User is seeing products
INFO  11:47:43 fetching products from product microservice
INFO  11:47:46 Logger in WishList
INFO  11:47:46 User is seeing WishLists
INFO  11:47:46 fetching products from product microservice
INFO  11:47:46 fetching products from product microservice
INFO  11:47:46 fetching products from product microservice
INFO  11:47:46 fetching products from product microservice
INFO  12:20:07 Application started. Press Ctrl+C to shut down.
INFO  12:20:07 Application started. Press Ctrl+C to shut down.
INFO  12:20:07 Hosting environment: Development
INFO  12:20:07 Hosting environment: Development
INFO  12:20:07 Content root path: D:\Retail-Product-Management-main\E-Commerce-Portal\E-Commerce-Portal
INFO  12:20:07 Content root path: D:\Retail-Product-Management-main\E-Commerce-Portal\E-Commerce-Portal
INFO  12:20:13 Logger in ECommerce
INFO  12:20:13 User is not logged in
INFO  12:20:14 User is logging in
INFO  12:20:36 User is registering in
INFO  12:21:05 User is registering in
INFO  12:21:08 Registration Successful
INFO  12:21:08 User is logging in
INFO  12:21:20 User is logging in
INFO  12:21:20 Login Successful and token generated
INFO  12:21:21 Logger in ECommerce
INFO  12:21:21 User is seeing products
INFO  12:21:21 fetching products from product microservice
INFO  12:22:20 Logger in ECommerce
INFO  12:22:20 fetching products from product microservice
INFO  12:22:20 User is Searching product by Name
INFO  12:22:20 fetching products by name from product microservice
INFO  12:22:35 Logger in ECommerce
INFO  12:22:35 User is seeing products
INFO  12:22:35 fetching products from product microservice
INFO  12:22:40 Logger in ECommerce
INFO  12:22:40 fetching products from product microservice
INFO  12:22:40 User is Searching product by Id
INFO  12:22:40 fetching products by ID from product microservice
INFO  12:22:47 Logger in ECommerce
INFO  12:22:47 fetching products from product microservice
INFO  12:22:47 User is Searching product by Id
INFO  12:22:47 fetching products by ID from product microservice
INFO  12:22:53 Logger in ECommerce
INFO  12:22:53 fetching products from product microservice
INFO  12:22:53 User is Searching product by Name
INFO  12:22:53 fetching products by name from product microservice
INFO  12:22:59 Logger in ECommerce
INFO  12:22:59 fetching products from product microservice
INFO  12:22:59 User is Searching product by Id
INFO  12:22:59 fetching products by ID from product microservice
INFO  12:23:15 Logger in ECommerce
INFO  12:23:15 User is seeing products
INFO  12:23:15 fetching products from product microservice
INFO  12:23:19 Logger in ECommerce
INFO  12:23:19 User is seeing products
INFO  12:23:19 fetching products from product microservice
INFO  12:24:08 Logger in ECommerce
INFO  12:24:08 User is seeing products
INFO  12:24:08 fetching products from product microservice
INFO  12:29:05 Logger in Cart
INFO  12:29:05 User is in add to cart page
INFO  12:29:17 Logger in Cart
INFO  12:29:23 User is adding to cart
INFO  12:29:23 Logger in Cart
INFO  12:29:23 StatusCode: 200, ReasonPhrase: 'OK', Version: 1.1, Content: System.Net.Http.HttpConnectionResponseContent, Headers:
{
  Transfer-Encoding: chunked
  Server: Microsoft-IIS/10.0
  X-Powered-By: ASP.NET
  Date: Tue, 28 Jun 2022 18:59:23 GMT
  Content-Type: application/json; charset=utf-8
}
INFO  12:29:23 fetching products from product microservice
INFO  12:29:24 User is viewing cart
INFO  12:35:45 Application started. Press Ctrl+C to shut down.
INFO  12:35:45 Application started. Press Ctrl+C to shut down.
INFO  12:35:45 Hosting environment: Development
INFO  12:35:45 Hosting environment: Development
INFO  12:35:45 Content root path: D:\Retail-Product-Management-main\E-Commerce-Portal\E-Commerce-Portal
INFO  12:35:45 Content root path: D:\Retail-Product-Management-main\E-Commerce-Portal\E-Commerce-Portal
INFO  12:35:56 Logger in ECommerce
INFO  12:35:56 User is not logged in
INFO  12:35:57 User is logging in
INFO  12:36:04 User is logging in
INFO  12:36:04 Login Successful and token generated
INFO  12:36:05 Logger in ECommerce
INFO  12:36:05 User is seeing products
INFO  12:36:05 fetching products from product microservice
INFO  12:36:11 Logger in Cart
INFO  12:36:11 User is in add to cart page
INFO  12:36:15 Logger in Cart
INFO  12:38:20 Application started. Press Ctrl+C to shut down.
INFO  12:38:20 Application started. Press Ctrl+C to shut down.
INFO  12:38:20 Hosting environment: Development
INFO  12:38:20 Hosting environment: Development
INFO  12:38:20 Content root path: D:\Retail-Product-Management-main\E-Commerce-Portal\E-Commerce-Portal
INFO  12:38:20 Content root path: D:\Retail-Product-Management-main\E-Commerce-Portal\E-Commerce-Portal
INFO  12:38:25 User is logging in
INFO  12:38:38 User is logging in
INFO  12:38:41 Login Successful and token generated
INFO  12:38:41 Logger in ECommerce
INFO  12:38:41 User is seeing products
INFO  12:38:41 fetching products from product microservice
INFO  12:38:52 Logger in Cart
INFO  12:38:52 User is in add to cart page
INFO  12:39:06 Logger in Cart
INFO  12:39:06 User is in add to cart page
INFO  12:39:11 Logger in Cart
INFO  12:39:16 User is adding to cart
INFO  12:39:16 Logger in WishList
INFO  12:39:16 User is seeing WishLists
INFO  12:39:17 fetching products from product microservice
INFO  12:39:29 Logger in Cart
INFO  12:39:29 StatusCode: 200, ReasonPhrase: 'OK', Version: 1.1, Content: System.Net.Http.HttpConnectionResponseContent, Headers:
{
  Transfer-Encoding: chunked
  Server: Microsoft-IIS/10.0
  X-Powered-By: ASP.NET
  Date: Tue, 28 Jun 2022 19:09:29 GMT
  Content-Type: application/json; charset=utf-8
}
INFO  12:39:29 fetching products from product microservice
INFO  12:39:29 User is viewing cart
INFO  12:39:53 Logger in ECommerce
INFO  12:39:53 User is seeing products
INFO  12:39:53 fetching products from product microservice
INFO  12:39:56 Logger in Cart
INFO  12:39:56 User is in add to cart page
INFO  12:40:00 Logger in Cart
INFO  12:40:00 User is adding to cart
INFO  12:40:00 Logger in WishList
INFO  12:40:00 User is seeing WishLists
INFO  12:40:00 fetching products from product microservice
INFO  12:40:00 fetching products from product microservice
INFO  12:54:58 Application started. Press Ctrl+C to shut down.
INFO  12:54:58 Application started. Press Ctrl+C to shut down.
INFO  12:54:58 Hosting environment: Development
INFO  12:54:58 Hosting environment: Development
INFO  12:54:58 Content root path: D:\Retail-Product-Management-main\E-Commerce-Portal\E-Commerce-Portal
INFO  12:54:58 Content root path: D:\Retail-Product-Management-main\E-Commerce-Portal\E-Commerce-Portal
INFO  12:55:00 Logger in ECommerce
INFO  12:55:00 User is not logged in
INFO  12:55:00 User is logging in
INFO  12:55:07 User is logging in
INFO  12:55:10 Login Successful and token generated
INFO  12:55:11 Logger in ECommerce
INFO  12:55:11 User is seeing products
INFO  12:55:11 fetching products from product microservice
INFO  12:55:23 Logger in Cart
INFO  12:55:23 User is in add to cart page
INFO  12:55:28 Logger in Cart
INFO  12:55:34 User is adding to cart
INFO  12:55:35 Logger in Cart
INFO  12:55:35 StatusCode: 200, ReasonPhrase: 'OK', Version: 1.1, Content: System.Net.Http.HttpConnectionResponseContent, Headers:
{
  Transfer-Encoding: chunked
  Server: Microsoft-IIS/10.0
  X-Powered-By: ASP.NET
  Date: Tue, 28 Jun 2022 19:25:34 GMT
  Content-Type: application/json; charset=utf-8
}
INFO  12:55:35 fetching products from product microservice
INFO  12:55:35 fetching products from product microservice
INFO  12:55:35 User is viewing cart
INFO  12:55:54 Logger in WishList
INFO  12:55:54 User is seeing WishLists
INFO  12:55:54 fetching products from product microservice
INFO  12:55:54 fetching products from product microservice
INFO  12:56:07 Logger in Cart
INFO  12:56:07 StatusCode: 200, ReasonPhrase: 'OK', Version: 1.1, Content: System.Net.Http.HttpConnectionResponseContent, Headers:
{
  Server: Microsoft-IIS/10.0
  X-Powered-By: ASP.NET
  Date: Tue, 28 Jun 2022 19:26:07 GMT
  Content-Type: application/json; charset=utf-8
  Content-Length: 249
}
INFO  12:56:07 fetching products from product microservice
INFO  12:56:07 fetching products from product microservice
INFO  12:56:07 User is viewing cart
INFO  12:56:11 Logger in ECommerce
INFO  12:56:11 User is seeing products
INFO  12:56:11 fetching products from product microservice
INFO  12:56:14 Logger in Cart
INFO  12:56:14 User is in add to cart page
INFO  12:56:19 Logger in Cart
INFO  12:56:19 User is adding to cart
INFO  12:56:19 Logger in Cart
INFO  12:56:19 StatusCode: 200, ReasonPhrase: 'OK', Version: 1.1, Content: System.Net.Http.HttpConnectionResponseContent, Headers:
{
  Transfer-Encoding: chunked
  Server: Microsoft-IIS/10.0
  X-Powered-By: ASP.NET
  Date: Tue, 28 Jun 2022 19:26:19 GMT
  Content-Type: application/json; charset=utf-8
}
INFO  12:56:19 fetching products from product microservice
INFO  12:56:19 fetching products from product microservice
INFO  12:56:19 fetching products from product microservice
INFO  12:56:19 User is viewing cart
INFO  12:56:22 Logger in ECommerce
INFO  12:56:22 User is seeing products
INFO  12:56:22 fetching products from product microservice
INFO  12:56:24 Logger in Cart
INFO  12:56:24 User is in add to cart page
INFO  12:56:30 Logger in Cart
INFO  12:56:30 User is in add to cart page
INFO  12:56:37 Logger in Cart
INFO  12:56:37 User is adding to cart
INFO  12:56:37 Logger in Cart
INFO  12:56:37 StatusCode: 200, ReasonPhrase: 'OK', Version: 1.1, Content: System.Net.Http.HttpConnectionResponseContent, Headers:
{
  Transfer-Encoding: chunked
  Server: Microsoft-IIS/10.0
  X-Powered-By: ASP.NET
  Date: Tue, 28 Jun 2022 19:26:37 GMT
  Content-Type: application/json; charset=utf-8
}
INFO  12:56:37 fetching products from product microservice
INFO  12:56:37 fetching products from product microservice
INFO  12:56:37 fetching products from product microservice
INFO  12:56:37 fetching products from product microservice
INFO  12:56:37 User is viewing cart
INFO  12:57:59 Logger in Cart
INFO  12:58:03 Logger in ECommerce
INFO  12:58:03 User is seeing products
INFO  12:58:03 fetching products from product microservice
INFO  12:58:05 User is logging in
INFO  01:11:04 Application started. Press Ctrl+C to shut down.
INFO  01:11:04 Application started. Press Ctrl+C to shut down.
INFO  01:11:04 Hosting environment: Development
INFO  01:11:04 Hosting environment: Development
INFO  01:11:04 Content root path: D:\Retail-Product-Management-main\E-Commerce-Portal\E-Commerce-Portal
INFO  01:11:04 Content root path: D:\Retail-Product-Management-main\E-Commerce-Portal\E-Commerce-Portal
INFO  01:11:09 User is logging in
INFO  01:11:15 User is logging in
INFO  01:11:19 Login Successful and token generated
INFO  01:11:19 Logger in ECommerce
INFO  01:11:19 User is seeing products
INFO  01:11:19 fetching products from product microservice
INFO  01:11:30 Logger in Cart
INFO  01:11:30 User is in add to cart page
INFO  01:11:32 Logger in Cart
INFO  01:11:35 StatusCode: 200, ReasonPhrase: 'OK', Version: 1.1, Content: System.Net.Http.HttpConnectionResponseContent, Headers:
{
  Transfer-Encoding: chunked
  Server: Microsoft-IIS/10.0
  X-Powered-By: ASP.NET
  Date: Tue, 28 Jun 2022 19:41:35 GMT
  Content-Type: application/json; charset=utf-8
}
INFO  01:11:35 User is viewing cart
INFO  01:11:40 Logger in ECommerce
INFO  01:11:40 User is seeing products
INFO  01:11:40 fetching products from product microservice
INFO  01:11:42 Logger in Cart
INFO  01:11:42 User is in add to cart page
INFO  01:11:47 Logger in Cart
INFO  01:11:51 User is adding to cart
INFO  01:11:51 Logger in Cart
INFO  01:11:51 StatusCode: 200, ReasonPhrase: 'OK', Version: 1.1, Content: System.Net.Http.HttpConnectionResponseContent, Headers:
{
  Transfer-Encoding: chunked
  Server: Microsoft-IIS/10.0
  X-Powered-By: ASP.NET
  Date: Tue, 28 Jun 2022 19:41:50 GMT
  Content-Type: application/json; charset=utf-8
}
INFO  01:11:51 fetching products from product microservice
INFO  01:11:52 User is viewing cart
INFO  01:11:54 Logger in ECommerce
INFO  01:11:54 User is seeing products
INFO  01:11:54 fetching products from product microservice
INFO  01:11:57 Logger in Cart
INFO  01:11:57 User is in add to cart page
INFO  01:12:02 Logger in Cart
INFO  01:12:02 User is adding to cart
INFO  01:12:02 Logger in Cart
INFO  01:12:02 StatusCode: 200, ReasonPhrase: 'OK', Version: 1.1, Content: System.Net.Http.HttpConnectionResponseContent, Headers:
{
  Transfer-Encoding: chunked
  Server: Microsoft-IIS/10.0
  X-Powered-By: ASP.NET
  Date: Tue, 28 Jun 2022 19:42:02 GMT
  Content-Type: application/json; charset=utf-8
}
INFO  01:12:02 fetching products from product microservice
INFO  01:12:02 fetching products from product microservice
INFO  01:12:02 User is viewing cart
INFO  01:12:22 Logger in WishList
INFO  01:12:22 User is seeing WishLists
INFO  01:12:23 fetching products from product microservice
INFO  01:12:23 fetching products from product microservice
INFO  11:35:11 Application started. Press Ctrl+C to shut down.
INFO  11:35:11 Application started. Press Ctrl+C to shut down.
INFO  11:35:11 Hosting environment: Development
INFO  11:35:11 Hosting environment: Development
INFO  11:35:11 Content root path: D:\Retail-Product-Management-main\E-Commerce-Portal\E-Commerce-Portal
INFO  11:35:11 Content root path: D:\Retail-Product-Management-main\E-Commerce-Portal\E-Commerce-Portal
INFO  11:35:52 Logger in ECommerce
INFO  11:35:52 User is not logged in
INFO  11:35:52 User is logging in
INFO  11:36:02 User is logging in
INFO  11:36:12 Login Successful and token generated
INFO  11:36:13 Logger in ECommerce
INFO  11:36:13 User is seeing products
INFO  11:36:13 fetching products from product microservice
INFO  11:36:45 Logger in Cart
INFO  11:36:45 User is in add to cart page
INFO  11:36:50 Logger in Cart
INFO  11:37:06 User is adding to cart
INFO  11:37:06 Logger in Cart
INFO  11:37:07 StatusCode: 200, ReasonPhrase: 'OK', Version: 1.1, Content: System.Net.Http.HttpConnectionResponseContent, Headers:
{
  Transfer-Encoding: chunked
  Server: Microsoft-IIS/10.0
  X-Powered-By: ASP.NET
  Date: Wed, 29 Jun 2022 06:07:06 GMT
  Content-Type: application/json; charset=utf-8
}
INFO  11:37:07 fetching products from product microservice
INFO  11:37:08 fetching products from product microservice
INFO  11:37:08 User is viewing cart
INFO  11:37:24 Logger in Cart
INFO  11:37:24 Logger in Cart
INFO  11:37:24 StatusCode: 200, ReasonPhrase: 'OK', Version: 1.1, Content: System.Net.Http.HttpConnectionResponseContent, Headers:
{
  Server: Microsoft-IIS/10.0
  X-Powered-By: ASP.NET
  Date: Wed, 29 Jun 2022 06:07:24 GMT
  Content-Type: application/json; charset=utf-8
  Content-Length: 126
}
INFO  11:37:24 fetching products from product microservice
INFO  11:37:24 User is viewing cart
INFO  11:37:30 Logger in Cart
INFO  11:39:10 Logger in ECommerce
INFO  11:39:10 User is seeing products
INFO  11:39:10 fetching products from product microservice
INFO  11:39:14 Logger in Cart
INFO  11:39:14 User is in add to cart page
INFO  11:39:18 Logger in Cart
INFO  11:39:19 User is adding to cart
INFO  11:39:19 Logger in WishList
INFO  11:39:19 User is seeing WishLists
INFO  11:39:19 fetching products from product microservice
INFO  11:39:19 fetching products from product microservice
INFO  11:39:19 fetching products from product microservice
INFO  11:40:02 Logger in ECommerce
INFO  11:40:02 User is seeing products
INFO  11:40:02 fetching products from product microservice
INFO  11:40:23 Logger in ECommerce
INFO  11:40:23 fetching products from product microservice
INFO  11:40:23 User is Searching product by Name
INFO  11:40:23 fetching products by name from product microservice
INFO  11:40:37 Logger in ECommerce
INFO  11:40:37 fetching products from product microservice
INFO  11:40:37 User is Searching product by Name
INFO  11:40:37 fetching products by name from product microservice
INFO  11:41:10 Logger in ECommerce
INFO  11:41:10 fetching products from product microservice
INFO  11:41:10 User is Searching product by Id
INFO  11:41:10 fetching products by ID from product microservice
INFO  11:39:40 Application started. Press Ctrl+C to shut down.
INFO  11:39:40 Application started. Press Ctrl+C to shut down.
INFO  11:39:40 Hosting environment: Development
INFO  11:39:40 Hosting environment: Development
INFO  11:39:40 Content root path: D:\Retail-Product-Management-main\E-Commerce-Portal\E-Commerce-Portal
INFO  11:39:40 Content root path: D:\Retail-Product-Management-main\E-Commerce-Portal\E-Commerce-Portal
INFO  11:42:48 Logger in ECommerce
INFO  11:42:48 User is not logged in
INFO  11:42:48 User is logging in
INFO  11:43:00 User is logging in
INFO  11:43:05 Login Successful and token generated
INFO  11:43:05 Logger in ECommerce
INFO  11:43:05 User is seeing products
INFO  11:43:05 fetching products from product microservice
INFO  11:43:39 Logger in ECommerce
INFO  11:43:39 fetching products from product microservice
INFO  11:43:39 User is Searching product by Name
INFO  11:43:39 fetching products by name from product microservice
INFO  11:43:49 Logger in ECommerce
INFO  11:43:49 Adding rating
INFO  11:43:50 Logger in ECommerce
INFO  11:43:50 User is seeing products
INFO  11:43:50 fetching products from product microservice
INFO  11:44:03 Logger in ECommerce
INFO  11:44:03 fetching products from product microservice
INFO  11:44:03 User is Searching product by Id
INFO  11:44:03 fetching products by ID from product microservice
INFO  11:44:15 Logger in Cart
INFO  11:44:15 User is in add to cart page
INFO  11:44:28 Logger in Cart
INFO  11:44:35 User is adding to cart
INFO  11:44:35 Logger in Cart
INFO  11:44:35 StatusCode: 200, ReasonPhrase: 'OK', Version: 1.1, Content: System.Net.Http.HttpConnectionResponseContent, Headers:
{
  Transfer-Encoding: chunked
  Server: Microsoft-IIS/10.0
  X-Powered-By: ASP.NET
  Date: Thu, 30 Jun 2022 06:14:35 GMT
  Content-Type: application/json; charset=utf-8
}
INFO  11:44:35 fetching products from product microservice
INFO  11:44:36 User is viewing cart
INFO  11:44:44 Logger in Cart
INFO  11:44:44 StatusCode: 200, ReasonPhrase: 'OK', Version: 1.1, Content: System.Net.Http.HttpConnectionResponseContent, Headers:
{
  Transfer-Encoding: chunked
  Server: Microsoft-IIS/10.0
  X-Powered-By: ASP.NET
  Date: Thu, 30 Jun 2022 06:14:44 GMT
  Content-Type: application/json; charset=utf-8
}
INFO  11:44:44 User is in add to cart page
INFO  11:44:50 Logger in Cart
INFO  11:44:50 User is adding to cart
INFO  11:44:50 Logger in Cart
INFO  11:44:50 StatusCode: 200, ReasonPhrase: 'OK', Version: 1.1, Content: System.Net.Http.HttpConnectionResponseContent, Headers:
{
  Transfer-Encoding: chunked
  Server: Microsoft-IIS/10.0
  X-Powered-By: ASP.NET
  Date: Thu, 30 Jun 2022 06:14:50 GMT
  Content-Type: application/json; charset=utf-8
}
INFO  11:44:50 fetching products from product microservice
INFO  11:44:50 User is viewing cart
INFO  11:45:01 Logger in Cart
INFO  11:45:01 Logger in Cart
INFO  11:45:01 StatusCode: 200, ReasonPhrase: 'OK', Version: 1.1, Content: System.Net.Http.HttpConnectionResponseContent, Headers:
{
  Transfer-Encoding: chunked
  Server: Microsoft-IIS/10.0
  X-Powered-By: ASP.NET
  Date: Thu, 30 Jun 2022 06:15:01 GMT
  Content-Type: application/json; charset=utf-8
}
INFO  11:45:01 User is viewing cart
INFO  11:45:02 Logger in ECommerce
INFO  11:45:02 User is seeing products
INFO  11:45:02 fetching products from product microservice
INFO  11:45:05 Logger in Cart
INFO  11:45:05 User is in add to cart page
INFO  11:45:10 Logger in WishList
INFO  11:45:10 User is seeing WishLists
INFO  11:45:13 Logger in Cart
INFO  11:45:13 StatusCode: 200, ReasonPhrase: 'OK', Version: 1.1, Content: System.Net.Http.HttpConnectionResponseContent, Headers:
{
  Transfer-Encoding: chunked
  Server: Microsoft-IIS/10.0
  X-Powered-By: ASP.NET
  Date: Thu, 30 Jun 2022 06:15:13 GMT
  Content-Type: application/json; charset=utf-8
}
INFO  11:45:13 User is viewing cart
INFO  11:45:14 Logger in ECommerce
INFO  11:45:14 User is seeing products
INFO  11:45:14 fetching products from product microservice
INFO  11:45:17 Logger in Cart
INFO  11:45:17 User is in add to cart page
INFO  11:45:24 Logger in Cart
INFO  11:45:24 User is adding to cart
INFO  11:45:24 Logger in WishList
INFO  11:45:24 User is seeing WishLists
INFO  11:45:24 fetching products from product microservice
INFO  11:45:34 Logger in Cart
INFO  11:45:34 User is in add to cart page
INFO  12:03:36 Application started. Press Ctrl+C to shut down.
INFO  12:03:36 Application started. Press Ctrl+C to shut down.
INFO  12:03:36 Hosting environment: Development
INFO  12:03:36 Hosting environment: Development
INFO  12:03:36 Content root path: D:\Retail-Product-Management-main\E-Commerce-Portal\E-Commerce-Portal
INFO  12:03:36 Content root path: D:\Retail-Product-Management-main\E-Commerce-Portal\E-Commerce-Portal
INFO  12:04:45 Application started. Press Ctrl+C to shut down.
INFO  12:04:45 Application started. Press Ctrl+C to shut down.
INFO  12:04:45 Hosting environment: Development
INFO  12:04:45 Hosting environment: Development
INFO  12:04:45 Content root path: D:\Retail-Product-Management-main\E-Commerce-Portal\E-Commerce-Portal
INFO  12:04:45 Content root path: D:\Retail-Product-Management-main\E-Commerce-Portal\E-Commerce-Portal
INFO  12:04:47 Logger in ECommerce
INFO  12:04:47 User is not logged in
INFO  12:04:47 User is logging in
INFO  12:04:55 User is logging in
INFO  12:05:01 Login Successful and token generated
INFO  12:05:02 Logger in ECommerce
INFO  12:05:02 User is seeing products
INFO  12:05:02 fetching products from product microservice
INFO  12:05:34 Logger in Cart
INFO  12:05:34 User is in add to cart page
INFO  12:08:54 Application started. Press Ctrl+C to shut down.
INFO  12:08:54 Application started. Press Ctrl+C to shut down.
INFO  12:08:54 Hosting environment: Development
INFO  12:08:54 Hosting environment: Development
INFO  12:08:54 Content root path: D:\Retail-Product-Management-main\E-Commerce-Portal\E-Commerce-Portal
INFO  12:08:54 Content root path: D:\Retail-Product-Management-main\E-Commerce-Portal\E-Commerce-Portal
INFO  12:09:14 Logger in ECommerce
INFO  12:09:14 User is not logged in
INFO  12:09:14 User is logging in
INFO  12:09:20 User is logging in
INFO  12:09:21 Login Successful and token generated
INFO  12:09:22 Logger in ECommerce
INFO  12:09:22 User is seeing products
INFO  12:09:22 fetching products from product microservice
INFO  12:09:35 Logger in WishList
INFO  12:09:35 User is seeing WishLists
INFO  12:09:40 fetching products from product microservice
INFO  12:49:53 Application started. Press Ctrl+C to shut down.
INFO  12:49:53 Application started. Press Ctrl+C to shut down.
INFO  12:49:53 Hosting environment: Development
INFO  12:49:53 Hosting environment: Development
INFO  12:49:53 Content root path: D:\Retail-Product-Management-main\E-Commerce-Portal\E-Commerce-Portal
INFO  12:49:53 Content root path: D:\Retail-Product-Management-main\E-Commerce-Portal\E-Commerce-Portal
INFO  12:50:00 User is logging in
INFO  12:50:20 User is logging in
INFO  12:50:26 Login Successful and token generated
INFO  12:50:26 Logger in ECommerce
INFO  12:50:26 User is seeing products
INFO  12:50:26 fetching products from product microservice
ERROR 12:50:31 Product Microservice is Down!!
INFO  12:52:15 Application started. Press Ctrl+C to shut down.
INFO  12:52:15 Application started. Press Ctrl+C to shut down.
INFO  12:52:15 Hosting environment: Development
INFO  12:52:15 Hosting environment: Development
INFO  12:52:15 Content root path: D:\Retail-Product-Management-main\E-Commerce-Portal\E-Commerce-Portal
INFO  12:52:15 Content root path: D:\Retail-Product-Management-main\E-Commerce-Portal\E-Commerce-Portal
INFO  12:52:20 User is logging in
INFO  12:52:27 User is logging in
INFO  12:52:33 Login Successful and token generated
INFO  12:52:33 Logger in ECommerce
INFO  12:52:33 User is seeing products
INFO  12:52:33 fetching products from product microservice
INFO  12:52:43 Logger in WishList
INFO  12:52:43 User is seeing WishLists
INFO  01:33:52 Application started. Press Ctrl+C to shut down.
INFO  01:33:52 Application started. Press Ctrl+C to shut down.
INFO  01:33:52 Hosting environment: Development
INFO  01:33:52 Hosting environment: Development
INFO  01:33:52 Content root path: D:\Retail-Product-Management-main\E-Commerce-Portal\E-Commerce-Portal
INFO  01:33:52 Content root path: D:\Retail-Product-Management-main\E-Commerce-Portal\E-Commerce-Portal
INFO  01:33:56 User is logging in
INFO  01:34:11 User is logging in
INFO  01:34:13 Login Successful and token generated
INFO  01:34:14 Logger in ECommerce
INFO  01:34:14 User is seeing products
INFO  01:34:14 fetching products from product microservice
INFO  01:38:37 Application started. Press Ctrl+C to shut down.
INFO  01:38:37 Application started. Press Ctrl+C to shut down.
INFO  01:38:37 Hosting environment: Development
INFO  01:38:37 Hosting environment: Development
INFO  01:38:37 Content root path: D:\Retail-Product-Management-main\E-Commerce-Portal\E-Commerce-Portal
INFO  01:38:37 Content root path: D:\Retail-Product-Management-main\E-Commerce-Portal\E-Commerce-Portal
INFO  01:38:42 Logger in ECommerce
INFO  01:38:42 User is not logged in
INFO  01:38:42 User is logging in
INFO  01:38:48 User is logging in
INFO  01:38:49 Login Successful and token generated
INFO  01:38:49 Logger in ECommerce
INFO  01:38:49 User is seeing products
INFO  01:38:49 fetching products from product microservice
INFO  01:39:43 Logger in ECommerce
INFO  01:39:43 fetching products from product microservice
INFO  01:39:43 User is Searching product by Id
INFO  01:39:43 fetching products by ID from product microservice
INFO  01:41:11 Application started. Press Ctrl+C to shut down.
INFO  01:41:11 Application started. Press Ctrl+C to shut down.
INFO  01:41:11 Hosting environment: Development
INFO  01:41:11 Hosting environment: Development
INFO  01:41:11 Content root path: D:\Retail-Product-Management-main\E-Commerce-Portal\E-Commerce-Portal
INFO  01:41:11 Content root path: D:\Retail-Product-Management-main\E-Commerce-Portal\E-Commerce-Portal
INFO  01:41:14 Logger in ECommerce
INFO  01:41:14 User is not logged in
INFO  01:41:14 User is logging in
INFO  01:41:22 User is logging in
INFO  01:41:22 Login Successful and token generated
INFO  01:41:22 Logger in ECommerce
INFO  01:41:22 User is seeing products
INFO  01:41:22 fetching products from product microservice
INFO  01:42:51 Application started. Press Ctrl+C to shut down.
INFO  01:42:51 Application started. Press Ctrl+C to shut down.
INFO  01:42:51 Hosting environment: Development
INFO  01:42:51 Hosting environment: Development
INFO  01:42:51 Content root path: D:\Retail-Product-Management-main\E-Commerce-Portal\E-Commerce-Portal
INFO  01:42:51 Content root path: D:\Retail-Product-Management-main\E-Commerce-Portal\E-Commerce-Portal
INFO  01:42:53 Logger in ECommerce
INFO  01:42:53 User is not logged in
INFO  01:42:53 User is logging in
INFO  01:43:02 User is logging in
INFO  01:43:02 Login Successful and token generated
INFO  01:43:03 Logger in ECommerce
INFO  01:43:03 User is seeing products
INFO  01:43:03 fetching products from product microservice
INFO  12:02:14 Application started. Press Ctrl+C to shut down.
INFO  12:02:14 Application started. Press Ctrl+C to shut down.
INFO  12:02:14 Hosting environment: Development
INFO  12:02:14 Hosting environment: Development
INFO  12:02:14 Content root path: D:\Retail-Product-Management-main\E-Commerce-Portal\E-Commerce-Portal
INFO  12:02:14 Content root path: D:\Retail-Product-Management-main\E-Commerce-Portal\E-Commerce-Portal
INFO  12:03:33 User is registering in
INFO  12:04:28 User is registering in
INFO  12:04:31 Registration Successful
INFO  12:04:31 User is logging in
INFO  12:04:44 User is logging in
INFO  12:04:45 Login Successful and token generated
INFO  12:04:45 Logger in ECommerce
INFO  12:04:45 User is seeing products
INFO  12:04:45 fetching products from product microservice
INFO  12:05:19 Logger in ECommerce
INFO  12:05:19 fetching products from product microservice
INFO  12:05:19 User is Searching product by Name
INFO  12:05:19 fetching products by name from product microservice
INFO  12:05:42 Logger in ECommerce
INFO  12:05:42 fetching products from product microservice
INFO  12:05:42 User is Searching product by Id
INFO  12:05:42 fetching products by ID from product microservice
INFO  12:05:51 Logger in ECommerce
INFO  12:05:51 fetching products from product microservice
INFO  12:05:51 User is Searching product by Name
INFO  12:05:51 fetching products by name from product microservice
INFO  12:05:55 Logger in Cart
INFO  12:05:55 User is in add to cart page
INFO  12:06:12 Logger in Cart
INFO  12:06:17 User is adding to cart
INFO  12:06:17 Logger in Cart
INFO  12:06:17 StatusCode: 200, ReasonPhrase: 'OK', Version: 1.1, Content: System.Net.Http.HttpConnectionResponseContent, Headers:
{
  Transfer-Encoding: chunked
  Server: Microsoft-IIS/10.0
  X-Powered-By: ASP.NET
  Date: Thu, 30 Jun 2022 18:36:17 GMT
  Content-Type: application/json; charset=utf-8
}
INFO  12:06:17 fetching products from product microservice
INFO  12:06:17 User is viewing cart
INFO  12:06:38 Logger in ECommerce
INFO  12:06:38 User is seeing products
INFO  12:06:38 fetching products from product microservice
INFO  12:06:41 Logger in Cart
INFO  12:06:41 User is in add to cart page
INFO  12:06:49 Logger in Cart
INFO  12:06:49 User is adding to cart
INFO  12:06:49 Logger in Cart
INFO  12:06:49 StatusCode: 200, ReasonPhrase: 'OK', Version: 1.1, Content: System.Net.Http.HttpConnectionResponseContent, Headers:
{
  Transfer-Encoding: chunked
  Server: Microsoft-IIS/10.0
  X-Powered-By: ASP.NET
  Date: Thu, 30 Jun 2022 18:36:49 GMT
  Content-Type: application/json; charset=utf-8
}
INFO  12:06:49 fetching products from product microservice
INFO  12:06:49 fetching products from product microservice
INFO  12:06:49 User is viewing cart
INFO  12:07:15 Logger in ECommerce
INFO  12:07:15 User is seeing products
INFO  12:07:15 fetching products from product microservice
INFO  12:07:20 Logger in Cart
INFO  12:07:20 User is in add to cart page
INFO  12:07:25 Logger in Cart
INFO  12:07:25 User is adding to cart
INFO  12:07:25 Logger in WishList
INFO  12:07:25 User is seeing WishLists
INFO  12:07:25 fetching products from product microservice
INFO  12:07:36 Logger in Cart
INFO  12:07:36 StatusCode: 200, ReasonPhrase: 'OK', Version: 1.1, Content: System.Net.Http.HttpConnectionResponseContent, Headers:
{
  Transfer-Encoding: chunked
  Server: Microsoft-IIS/10.0
  X-Powered-By: ASP.NET
  Date: Thu, 30 Jun 2022 18:37:36 GMT
  Content-Type: application/json; charset=utf-8
}
INFO  12:07:36 fetching products from product microservice
INFO  12:07:36 fetching products from product microservice
INFO  12:07:36 User is viewing cart
INFO  12:07:55 Logger in Cart
INFO  12:08:34 Logger in Cart
INFO  12:08:34 StatusCode: 200, ReasonPhrase: 'OK', Version: 1.1, Content: System.Net.Http.HttpConnectionResponseContent, Headers:
{
  Transfer-Encoding: chunked
  Server: Microsoft-IIS/10.0
  X-Powered-By: ASP.NET
  Date: Thu, 30 Jun 2022 18:38:34 GMT
  Content-Type: application/json; charset=utf-8
}
INFO  12:08:34 User is viewing cart
INFO  12:08:41 Logger in WishList
INFO  12:08:41 User is seeing WishLists
INFO  12:08:41 fetching products from product microservice
INFO  12:08:42 Logger in Cart
INFO  12:08:42 StatusCode: 200, ReasonPhrase: 'OK', Version: 1.1, Content: System.Net.Http.HttpConnectionResponseContent, Headers:
{
  Transfer-Encoding: chunked
  Server: Microsoft-IIS/10.0
  X-Powered-By: ASP.NET
  Date: Thu, 30 Jun 2022 18:38:42 GMT
  Content-Type: application/json; charset=utf-8
}
INFO  12:08:42 User is viewing cart
INFO  12:08:43 Logger in WishList
INFO  12:08:43 User is seeing WishLists
INFO  12:08:43 fetching products from product microservice
INFO  12:08:48 Logger in Cart
INFO  12:08:48 StatusCode: 200, ReasonPhrase: 'OK', Version: 1.1, Content: System.Net.Http.HttpConnectionResponseContent, Headers:
{
  Transfer-Encoding: chunked
  Server: Microsoft-IIS/10.0
  X-Powered-By: ASP.NET
  Date: Thu, 30 Jun 2022 18:38:48 GMT
  Content-Type: application/json; charset=utf-8
}
INFO  12:08:48 User is viewing cart
INFO  12:08:51 User is logging in
INFO  12:16:00 User is registering in
INFO  12:16:28 User is registering in
INFO  12:16:41 User is registering in
INFO  12:16:42 Registration Successful
INFO  12:16:42 User is logging in
INFO  12:16:51 User is logging in
INFO  12:16:51 Login Successful and token generated
INFO  12:16:51 Logger in ECommerce
INFO  12:16:51 User is seeing products
INFO  12:16:51 fetching products from product microservice
INFO  12:17:17 Logger in ECommerce
INFO  12:17:17 fetching products from product microservice
INFO  12:17:17 User is Searching product by Name
INFO  12:17:17 fetching products by name from product microservice
INFO  12:17:26 Logger in ECommerce
INFO  12:17:26 Adding rating
INFO  12:17:27 Logger in ECommerce
INFO  12:17:27 User is seeing products
INFO  12:17:27 fetching products from product microservice
INFO  12:17:43 Logger in ECommerce
INFO  12:17:43 fetching products from product microservice
INFO  12:17:43 User is Searching product by Id
INFO  12:17:43 fetching products by ID from product microservice
INFO  12:17:48 Logger in Cart
INFO  12:17:48 User is in add to cart page
INFO  12:17:54 Logger in Cart
INFO  12:17:55 User is adding to cart
INFO  12:17:55 Logger in Cart
INFO  12:17:55 StatusCode: 200, ReasonPhrase: 'OK', Version: 1.1, Content: System.Net.Http.HttpConnectionResponseContent, Headers:
{
  Transfer-Encoding: chunked
  Server: Microsoft-IIS/10.0
  X-Powered-By: ASP.NET
  Date: Thu, 30 Jun 2022 18:47:54 GMT
  Content-Type: application/json; charset=utf-8
}
INFO  12:17:55 fetching products from product microservice
INFO  12:17:55 User is viewing cart
INFO  12:18:00 Logger in Cart
INFO  12:18:00 StatusCode: 200, ReasonPhrase: 'OK', Version: 1.1, Content: System.Net.Http.HttpConnectionResponseContent, Headers:
{
  Server: Microsoft-IIS/10.0
  X-Powered-By: ASP.NET
  Date: Thu, 30 Jun 2022 18:48:00 GMT
  Content-Type: application/json; charset=utf-8
  Content-Length: 126
}
INFO  12:18:00 User is in add to cart page
INFO  12:18:04 Logger in Cart
INFO  12:18:04 User is adding to cart
INFO  12:18:04 Logger in Cart
INFO  12:18:04 StatusCode: 200, ReasonPhrase: 'OK', Version: 1.1, Content: System.Net.Http.HttpConnectionResponseContent, Headers:
{
  Server: Microsoft-IIS/10.0
  X-Powered-By: ASP.NET
  Date: Thu, 30 Jun 2022 18:48:04 GMT
  Content-Type: application/json; charset=utf-8
  Content-Length: 126
}
INFO  12:18:04 fetching products from product microservice
INFO  12:18:04 User is viewing cart
INFO  12:18:09 Logger in Cart
INFO  12:18:09 Logger in Cart
INFO  12:18:09 StatusCode: 200, ReasonPhrase: 'OK', Version: 1.1, Content: System.Net.Http.HttpConnectionResponseContent, Headers:
{
  Transfer-Encoding: chunked
  Server: Microsoft-IIS/10.0
  X-Powered-By: ASP.NET
  Date: Thu, 30 Jun 2022 18:48:09 GMT
  Content-Type: application/json; charset=utf-8
}
INFO  12:18:09 User is viewing cart
INFO  12:18:11 Logger in ECommerce
INFO  12:18:11 User is seeing products
INFO  12:18:11 fetching products from product microservice
INFO  12:18:14 Logger in Cart
INFO  12:18:14 User is in add to cart page
INFO  12:18:21 Logger in Cart
INFO  12:18:21 User is adding to cart
INFO  12:18:21 Logger in Cart
INFO  12:18:21 StatusCode: 200, ReasonPhrase: 'OK', Version: 1.1, Content: System.Net.Http.HttpConnectionResponseContent, Headers:
{
  Transfer-Encoding: chunked
  Server: Microsoft-IIS/10.0
  X-Powered-By: ASP.NET
  Date: Thu, 30 Jun 2022 18:48:21 GMT
  Content-Type: application/json; charset=utf-8
}
INFO  12:18:21 fetching products from product microservice
INFO  12:18:21 User is viewing cart
INFO  12:18:24 Logger in ECommerce
INFO  12:18:24 User is seeing products
INFO  12:18:24 fetching products from product microservice
INFO  12:18:28 Logger in Cart
INFO  12:18:28 User is in add to cart page
INFO  12:18:34 Logger in Cart
INFO  12:18:34 User is adding to cart
INFO  12:18:34 Logger in WishList
INFO  12:18:34 User is seeing WishLists
INFO  12:18:34 fetching products from product microservice
INFO  12:18:46 Logger in Cart
INFO  12:18:46 StatusCode: 200, ReasonPhrase: 'OK', Version: 1.1, Content: System.Net.Http.HttpConnectionResponseContent, Headers:
{
  Transfer-Encoding: chunked
  Server: Microsoft-IIS/10.0
  X-Powered-By: ASP.NET
  Date: Thu, 30 Jun 2022 18:48:46 GMT
  Content-Type: application/json; charset=utf-8
}
INFO  12:18:46 fetching products from product microservice
INFO  12:18:46 User is viewing cart
INFO  12:18:53 Logger in ECommerce
INFO  12:18:53 User is seeing products
INFO  12:18:53 fetching products from product microservice
INFO  12:18:55 Logger in Cart
INFO  12:18:55 User is in add to cart page
INFO  12:19:00 Logger in Cart
INFO  12:19:00 User is adding to cart
INFO  12:19:00 Logger in Cart
INFO  12:19:00 StatusCode: 200, ReasonPhrase: 'OK', Version: 1.1, Content: System.Net.Http.HttpConnectionResponseContent, Headers:
{
  Transfer-Encoding: chunked
  Server: Microsoft-IIS/10.0
  X-Powered-By: ASP.NET
  Date: Thu, 30 Jun 2022 18:49:00 GMT
  Content-Type: application/json; charset=utf-8
}
INFO  12:19:00 fetching products from product microservice
INFO  12:19:00 fetching products from product microservice
INFO  12:19:01 User is viewing cart
INFO  12:19:10 Logger in Cart
INFO  07:45:55 Application started. Press Ctrl+C to shut down.
INFO  07:45:55 Application started. Press Ctrl+C to shut down.
INFO  07:45:55 Hosting environment: Development
INFO  07:45:55 Hosting environment: Development
INFO  07:45:55 Content root path: C:\Users\bsara\OneDrive\Desktop\Project\MFPE\Retail-Product-Management-main\Retail-Product-Management-main\E-Commerce-Portal\E-Commerce-Portal
INFO  07:45:55 Content root path: C:\Users\bsara\OneDrive\Desktop\Project\MFPE\Retail-Product-Management-main\Retail-Product-Management-main\E-Commerce-Portal\E-Commerce-Portal
INFO  07:46:08 Logger in ECommerce
INFO  07:46:08 User is not logged in
INFO  07:46:08 User is logging in
INFO  07:46:19 User is logging in
INFO  07:46:21 Login Successful and token generated
INFO  07:46:21 Logger in ECommerce
INFO  07:46:21 User is seeing products
INFO  07:46:21 fetching products from product microservice
INFO  07:46:43 Logger in Cart
INFO  07:46:43 User is in add to cart page
INFO  07:46:51 Logger in Cart
INFO  07:47:00 User is adding to cart
INFO  07:47:00 Logger in Cart
INFO  07:47:01 StatusCode: 200, ReasonPhrase: 'OK', Version: 1.1, Content: System.Net.Http.HttpConnectionResponseContent, Headers:
{
  Date: Fri, 01 Jul 2022 14:17:01 GMT
  Server: Microsoft-IIS/10.0
  Set-Cookie: ARRAffinity=4c614c561494da0a4c54c048bba868ea3f0569b0045253d5a46130b9f66e9fa3;Path=/;HttpOnly;Secure;Domain=proceedtobuymicroservice.azurewebsites.net
  Set-Cookie: ARRAffinitySameSite=4c614c561494da0a4c54c048bba868ea3f0569b0045253d5a46130b9f66e9fa3;Path=/;HttpOnly;SameSite=None;Secure;Domain=proceedtobuymicroservice.azurewebsites.net
  X-Powered-By: ASP.NET
  Content-Length: 125
  Content-Type: application/json; charset=utf-8
}
INFO  07:47:01 fetching products from product microservice
INFO  07:47:04 User is viewing cart
INFO  07:47:16 Logger in Cart
INFO  07:50:45 Application started. Press Ctrl+C to shut down.
INFO  07:50:45 Application started. Press Ctrl+C to shut down.
INFO  07:50:45 Hosting environment: Development
INFO  07:50:45 Hosting environment: Development
INFO  07:50:45 Content root path: C:\Users\bsara\OneDrive\Desktop\Project\MFPE\Retail-Product-Management-main\Retail-Product-Management-main\E-Commerce-Portal\E-Commerce-Portal
INFO  07:50:45 Content root path: C:\Users\bsara\OneDrive\Desktop\Project\MFPE\Retail-Product-Management-main\Retail-Product-Management-main\E-Commerce-Portal\E-Commerce-Portal
INFO  07:50:45 Logger in Cart
INFO  07:50:45 User is not logged in
INFO  07:50:45 User is logging in
INFO  07:51:03 Application started. Press Ctrl+C to shut down.
INFO  07:51:03 Application started. Press Ctrl+C to shut down.
INFO  07:51:03 Hosting environment: Development
INFO  07:51:03 Hosting environment: Development
INFO  07:51:03 Content root path: C:\Users\bsara\OneDrive\Desktop\Project\MFPE\Retail-Product-Management-main\Retail-Product-Management-main\E-Commerce-Portal\E-Commerce-Portal
INFO  07:51:03 Content root path: C:\Users\bsara\OneDrive\Desktop\Project\MFPE\Retail-Product-Management-main\Retail-Product-Management-main\E-Commerce-Portal\E-Commerce-Portal
INFO  07:51:04 User is logging in
INFO  07:51:15 Logger in ECommerce
INFO  07:51:15 User is not logged in
INFO  07:51:15 User is logging in
INFO  07:51:21 User is logging in
INFO  07:51:24 Login Successful and token generated
INFO  07:51:24 Logger in ECommerce
INFO  07:51:24 User is seeing products
INFO  07:51:24 fetching products from product microservice
INFO  07:51:33 Logger in Cart
INFO  07:51:33 User is in add to cart page
INFO  07:51:44 Logger in Cart
INFO  07:51:46 User is adding to cart
INFO  07:51:46 Logger in Cart
INFO  07:51:47 StatusCode: 200, ReasonPhrase: 'OK', Version: 1.1, Content: System.Net.Http.HttpConnectionResponseContent, Headers:
{
  Date: Fri, 01 Jul 2022 14:21:47 GMT
  Server: Microsoft-IIS/10.0
  Set-Cookie: ARRAffinity=4c614c561494da0a4c54c048bba868ea3f0569b0045253d5a46130b9f66e9fa3;Path=/;HttpOnly;Secure;Domain=proceedtobuymicroservice.azurewebsites.net
  Set-Cookie: ARRAffinitySameSite=4c614c561494da0a4c54c048bba868ea3f0569b0045253d5a46130b9f66e9fa3;Path=/;HttpOnly;SameSite=None;Secure;Domain=proceedtobuymicroservice.azurewebsites.net
  X-Powered-By: ASP.NET
  Content-Length: 125
  Content-Type: application/json; charset=utf-8
}
INFO  07:51:47 fetching products from product microservice
INFO  07:51:49 User is viewing cart
